root - INFO - Testing import_data: SUCCESS - Oct_27_2022_17_37_15
root - INFO - Saving plot on ./images/eda/Churn.png - Oct_27_2022_17_37_16
root - INFO - Saved plot in ./images/eda/Churn.png - Oct_27_2022_17_37_16
root - INFO - Saving plot on ./images/eda/Customer_Age.png - Oct_27_2022_17_37_16
root - INFO - Saved plot in ./images/eda/Customer_Age.png - Oct_27_2022_17_37_16
root - INFO - Saving plot on ./images/eda/Normalize.png - Oct_27_2022_17_37_17
root - INFO - Saved plot in ./images/eda/Normalize.png - Oct_27_2022_17_37_17
root - INFO - Saving plot on ./images/eda/Total_Trans_Ct.png - Oct_27_2022_17_37_18
root - INFO - Saved plot in ./images/eda/Total_Trans_Ct.png - Oct_27_2022_17_37_18
root - INFO - Saving plot on ./images/eda/Heatmap.png - Oct_27_2022_17_37_19
root - INFO - Saved plot in ./images/eda/Heatmap.png - Oct_27_2022_17_37_19
root - INFO - SUCCESS: encoded successfully the feature - Gender - Oct_27_2022_17_37_19
root - INFO - SUCCESS: encoded successfully the feature - Education_Level - Oct_27_2022_17_37_19
root - INFO - SUCCESS: encoded successfully the feature - Marital_Status - Oct_27_2022_17_37_19
root - INFO - SUCCESS: encoded successfully the feature - Income_Category - Oct_27_2022_17_37_19
root - INFO - SUCCESS: encoded successfully the feature - Card_Category - Oct_27_2022_17_37_19
root - INFO - SUCCESS: performed feature engineering - Oct_27_2022_17_37_19
root - INFO - Saving plot on ./images/results/ROC_result.png - Oct_27_2022_17_44_51
root - INFO - Saved plot on ./images/results/ROC_result.png - Oct_27_2022_17_44_51
root - INFO - Saving plot on ./images/results/Random_Forest.png - Oct_27_2022_17_44_51
root - INFO - Saved plot in ./images/results/Random_Forest.png - Oct_27_2022_17_44_51
root - INFO - Saving plot on ./images/results/Logistic_Regression.png - Oct_27_2022_17_44_52
root - INFO - Saved plot in ./images/results/Logistic_Regression.png - Oct_27_2022_17_44_52
root - INFO - Saving plot on ./images/results/Feature_Importance.png - Oct_27_2022_17_44_53
root - INFO - Saved plot in ./images/results/Feature_Importance.png - Oct_27_2022_17_44_54
root - INFO - SUCCESS: images exist - Oct_27_2022_17_44_54
root - INFO - SUCCESS: models exist - Oct_27_2022_17_44_54
root - INFO - SUCCESS: all tests finished running - Oct_27_2022_17_44_54
